\BOOKMARK [0][-]{chapter.1}{\376\377\000C\000l\000i\000n\000i\000c\000a\000l\000\040\000K\000n\000o\000w\000l\000e\000d\000g\000e\000\040\000G\000r\000a\000p\000h}{}% 1
\BOOKMARK [1][-]{section.1.1}{\376\377\000A\000b\000s\000t\000r\000a\000c\000t}{chapter.1}% 2
\BOOKMARK [1][-]{section.1.2}{\376\377\000C\000l\000o\000n\000i\000n\000g\000\040\000a\000n\000d\000\040\000i\000n\000s\000t\000a\000l\000l\000i\000n\000g}{chapter.1}% 3
\BOOKMARK [1][-]{section.1.3}{\376\377\000F\000e\000a\000t\000u\000r\000e\000s}{chapter.1}% 4
\BOOKMARK [1][-]{section.1.4}{\376\377\000D\000i\000s\000c\000l\000a\000i\000m\000e\000r}{chapter.1}% 5
\BOOKMARK [1][-]{section.1.5}{\376\377\000I\000m\000p\000o\000r\000t\000a\000n\000t\000\040\000N\000o\000t\000e}{chapter.1}% 6
\BOOKMARK [0][-]{chapter.2}{\376\377\000F\000i\000r\000s\000t\000\040\000s\000t\000e\000p\000s}{}% 7
\BOOKMARK [1][-]{section.2.1}{\376\377\000G\000e\000t\000t\000i\000n\000g\000\040\000S\000t\000a\000r\000t\000e\000d\000\040\000w\000i\000t\000h\000\040\000s\000o\000m\000e\000\040\000R\000e\000q\000u\000i\000r\000e\000m\000e\000n\000t\000s}{chapter.2}% 8
\BOOKMARK [1][-]{section.2.2}{\376\377\000G\000e\000t\000t\000i\000n\000g\000\040\000S\000t\000a\000r\000t\000e\000d\000\040\000w\000i\000t\000h\000\040\000N\000e\000o\0004\000j}{chapter.2}% 9
\BOOKMARK [1][-]{section.2.3}{\376\377\000G\000e\000t\000t\000i\000n\000g\000\040\000S\000t\000a\000r\000t\000e\000d\000\040\000w\000i\000t\000h\000\040\000t\000h\000e\000\040\000C\000K\000G\000\040\000B\000u\000i\000l\000d}{chapter.2}% 10
\BOOKMARK [1][-]{section.2.4}{\376\377\000G\000e\000t\000t\000i\000n\000g\000\040\000s\000t\000a\000r\000t\000e\000d\000\040\000w\000i\000t\000h\000\040\000W\000i\000n\000d\000o\000w\000s}{chapter.2}% 11
\BOOKMARK [1][-]{section.2.5}{\376\377\000G\000e\000t\000t\000i\000n\000g\000\040\000s\000t\000a\000r\000t\000e\000d\000\040\000w\000i\000t\000h\000\040\000D\000o\000c\000k\000e\000r\000\040\000\050\000T\000e\000s\000t\000i\000n\000g\000\051}{chapter.2}% 12
\BOOKMARK [0][-]{chapter.3}{\376\377\000G\000e\000t\000t\000i\000n\000g\000\040\000s\000t\000a\000r\000t\000e\000d}{}% 13
\BOOKMARK [1][-]{section.3.1}{\376\377\000C\000o\000n\000n\000e\000c\000t\000i\000n\000g\000\040\000t\000o\000\040\000t\000h\000e\000\040\000C\000l\000i\000n\000i\000c\000a\000l\000\040\000K\000n\000o\000w\000l\000e\000d\000g\000e\000\040\000G\000r\000a\000p\000h\000\040\000d\000a\000t\000a\000b\000a\000s\000e}{chapter.3}% 14
\BOOKMARK [1][-]{section.3.2}{\376\377\000C\000r\000e\000a\000t\000e\000\040\000a\000\040\000n\000e\000w\000\040\000u\000s\000e\000r\000\040\000i\000n\000\040\000t\000h\000e\000\040\000g\000r\000a\000p\000h\000\040\000d\000a\000t\000a\000b\000a\000s\000e}{chapter.3}% 15
\BOOKMARK [1][-]{section.3.3}{\376\377\000C\000r\000e\000a\000t\000e\000\040\000a\000\040\000n\000e\000w\000\040\000p\000r\000o\000j\000e\000c\000t\000\040\000i\000n\000\040\000t\000h\000e\000\040\000d\000a\000t\000a\000b\000a\000s\000e}{chapter.3}% 16
\BOOKMARK [1][-]{section.3.4}{\376\377\000U\000p\000l\000o\000a\000d\000\040\000p\000r\000o\000j\000e\000c\000t\000\040\000e\000x\000p\000e\000r\000i\000m\000e\000n\000t\000a\000l\000\040\000d\000a\000t\000a}{chapter.3}% 17
\BOOKMARK [1][-]{section.3.5}{\376\377\000D\000e\000f\000i\000n\000e\000\040\000d\000a\000t\000a\000\040\000a\000n\000a\000l\000y\000s\000i\000s\000\040\000p\000a\000r\000a\000m\000e\000t\000e\000r\000s}{chapter.3}% 18
\BOOKMARK [1][-]{section.3.6}{\376\377\000A\000c\000c\000e\000s\000s\000i\000n\000g\000\040\000t\000h\000e\000\040\000a\000n\000a\000l\000y\000s\000i\000s\000\040\000r\000e\000p\000o\000r\000t}{chapter.3}% 19
\BOOKMARK [1][-]{section.3.7}{\376\377\000R\000e\000p\000o\000r\000t\000\040\000n\000o\000t\000i\000f\000i\000c\000a\000t\000i\000o\000n\000s}{chapter.3}% 20
\BOOKMARK [0][-]{chapter.4}{\376\377\000T\000h\000e\000\040\000p\000r\000o\000j\000e\000c\000t\000\040\000r\000e\000p\000o\000r\000t}{}% 21
\BOOKMARK [1][-]{section.4.1}{\376\377\000G\000e\000n\000e\000r\000a\000t\000i\000n\000g\000\040\000a\000\040\000p\000r\000o\000j\000e\000c\000t\000\040\000r\000e\000p\000o\000r\000t}{chapter.4}% 22
\BOOKMARK [1][-]{section.4.2}{\376\377\000P\000r\000o\000j\000e\000c\000t\000\040\000r\000e\000p\000o\000r\000t\000\040\000t\000a\000b\000s}{chapter.4}% 23
\BOOKMARK [0][-]{chapter.5}{\376\377\000C\000K\000G\000\040\000B\000u\000i\000l\000d\000e\000r}{}% 24
\BOOKMARK [1][-]{section.5.1}{\376\377\000O\000n\000t\000o\000l\000o\000g\000y\000\040\000s\000o\000u\000r\000c\000e\000s\000\040\000a\000n\000d\000\040\000r\000a\000w\000\040\000f\000i\000l\000e\000\040\000p\000a\000r\000s\000e\000r\000s}{chapter.5}% 25
\BOOKMARK [1][-]{section.5.2}{\376\377\000B\000i\000o\000m\000e\000d\000i\000c\000a\000l\000\040\000d\000a\000t\000a\000b\000a\000s\000e\000s\000\040\000a\000n\000d\000\040\000r\000e\000s\000o\000u\000r\000c\000e\000s}{chapter.5}% 26
\BOOKMARK [1][-]{section.5.3}{\376\377\000P\000a\000r\000s\000i\000n\000g\000\040\000e\000x\000p\000e\000r\000i\000m\000e\000n\000t\000a\000l\000\040\000d\000a\000t\000a}{chapter.5}% 27
\BOOKMARK [1][-]{section.5.4}{\376\377\000B\000u\000i\000l\000d\000i\000n\000g\000\040\000t\000h\000e\000\040\000g\000r\000a\000p\000h\000\040\000d\000a\000t\000a\000b\000a\000s\000e\000\040\000f\000r\000o\000m\000\040\000o\000n\000e\000\040\000P\000y\000t\000h\000o\000n\000\040\000m\000o\000d\000u\000l\000e}{chapter.5}% 28
\BOOKMARK [0][-]{chapter.6}{\376\377\000A\000d\000v\000a\000n\000c\000e\000d\000\040\000f\000e\000a\000t\000u\000r\000e\000s}{}% 29
\BOOKMARK [1][-]{section.6.1}{\376\377\000C\000l\000i\000n\000i\000c\000a\000l\000\040\000K\000n\000o\000w\000l\000e\000d\000g\000e\000\040\000G\000r\000a\000p\000h\000\040\000S\000t\000a\000t\000i\000s\000t\000i\000c\000s\000:\000\040\000I\000m\000p\000o\000r\000t\000s}{chapter.6}% 30
\BOOKMARK [1][-]{section.6.2}{\376\377\000C\000l\000i\000n\000i\000c\000a\000l\000\040\000K\000n\000o\000w\000l\000e\000d\000g\000e\000\040\000G\000r\000a\000p\000h\000\040\000S\000t\000a\000t\000i\000s\000t\000i\000c\000s\000:\000\040\000D\000a\000t\000a\000b\000a\000s\000e}{chapter.6}% 31
\BOOKMARK [1][-]{section.6.3}{\376\377\000U\000s\000i\000n\000g\000\040\000J\000u\000p\000y\000t\000e\000r\000\040\000N\000o\000t\000e\000b\000o\000o\000k\000s\000\040\000w\000i\000t\000h\000\040\000t\000h\000e\000\040\000C\000l\000i\000n\000i\000c\000a\000l\000\040\000K\000n\000o\000w\000l\000e\000d\000g\000e\000\040\000G\000r\000a\000p\000h}{chapter.6}% 32
\BOOKMARK [1][-]{section.6.4}{\376\377\000R\000e\000t\000r\000i\000e\000v\000i\000n\000g\000\040\000d\000a\000t\000a\000\040\000f\000r\000o\000m\000\040\000t\000h\000e\000\040\000C\000l\000i\000n\000i\000c\000a\000l\000\040\000K\000n\000o\000w\000l\000e\000d\000g\000e\000\040\000G\000r\000a\000p\000h\000\040\000d\000a\000t\000a\000b\000a\000s\000e}{chapter.6}% 33
\BOOKMARK [1][-]{section.6.5}{\376\377\000S\000t\000a\000n\000d\000a\000r\000d\000i\000s\000i\000n\000g\000\040\000t\000h\000e\000\040\000d\000a\000t\000a\000\040\000a\000n\000a\000l\000y\000s\000i\000s}{chapter.6}% 34
\BOOKMARK [1][-]{section.6.6}{\376\377\000V\000i\000s\000u\000a\000l\000i\000s\000a\000t\000i\000o\000n\000\040\000p\000l\000o\000t\000s}{chapter.6}% 35
\BOOKMARK [1][-]{section.6.7}{\376\377\000P\000y\000t\000h\000o\000n\000\040\000-\000\040\000R\000\040\000i\000n\000t\000e\000r\000f\000a\000c\000e}{chapter.6}% 36
\BOOKMARK [0][-]{chapter.7}{\376\377\000S\000y\000s\000t\000e\000m\000\040\000R\000e\000q\000u\000i\000r\000e\000m\000e\000n\000t\000s}{}% 37
\BOOKMARK [1][-]{section.7.1}{\376\377\000S\000y\000s\000t\000e\000m\000\040\000R\000e\000q\000u\000i\000r\000e\000m\000e\000n\000t\000s}{chapter.7}% 38
\BOOKMARK [0][-]{chapter.8}{\376\377\000A\000P\000I\000\040\000R\000e\000f\000e\000r\000e\000n\000c\000e}{}% 39
\BOOKMARK [1][-]{section.8.1}{\376\377\000C\000K\000G\000\040\000p\000a\000c\000k\000a\000g\000e\000\040\000A\000P\000I\000\040\000R\000e\000f\000e\000r\000e\000n\000c\000e}{chapter.8}% 40
\BOOKMARK [0][-]{chapter.9}{\376\377\000P\000r\000o\000j\000e\000c\000t\000\040\000I\000n\000f\000o}{}% 41
\BOOKMARK [1][-]{section.9.1}{\376\377\000C\000r\000e\000d\000i\000t\000s}{chapter.9}% 42
\BOOKMARK [1][-]{section.9.2}{\376\377\000B\000a\000c\000k\000e\000r\000s}{chapter.9}% 43
\BOOKMARK [1][-]{section.9.3}{\376\377\000C\000o\000n\000t\000r\000i\000b\000u\000t\000i\000n\000g}{chapter.9}% 44
\BOOKMARK [1][-]{section.9.4}{\376\377\000H\000i\000s\000t\000o\000r\000y}{chapter.9}% 45
\BOOKMARK [1][-]{section.9.5}{\376\377\000C\000o\000d\000e\000\040\000o\000f\000\040\000C\000o\000n\000d\000u\000c\000t}{chapter.9}% 46
\BOOKMARK [0][-]{chapter.10}{\376\377\000I\000n\000d\000e\000x}{}% 47
\BOOKMARK [0][-]{section*.789}{\376\377\000P\000y\000t\000h\000o\000n\000\040\000M\000o\000d\000u\000l\000e\000\040\000I\000n\000d\000e\000x}{}% 48
